[dotenv@17.2.3] injecting env (6) from .env -- tip: 🗂️ backup and recover secrets: https://dotenvx.com/ops
MongoDB connected
Order Service running on port 3002
User authenticated via API Gateway headers: {
  id: '692c1754b21bb8ec44f82cb4',
  role: 'user',
  email: 'sengnoname168@gmail.com'
}
[Order Controller] Create order request received
[Order Controller] Headers: {
  authorization: undefined,
  'x-user-id': '692c1754b21bb8ec44f82cb4',
  'x-user-role': 'user',
  'x-user-email': 'sengnoname168@gmail.com',
  cookie: 'token=eyJhbGciOiJIUzI1NiIsInR5cCI6IkpXVCJ9.eyJpZCI6IjY5MmMxNzU0YjIxYmI4ZWM0NGY4MmNiNCIsImVtYWlsIjoic2VuZ25vbmFtZTE2OEBnbWFpbC5jb20iLCJpYXQiOjE3NjQ0OTkyMjEsImV4cCI6MTc2NDUwMjgyMX0.o5Q88nn3XVX9KGvLiCro2OGn4jz9WZlkcAd7LDGgehw; refreshToken=eyJhbGciOiJIUzI1NiIsInR5cCI6IkpXVCJ9.eyJpZCI6IjY5MmMxNzU0YjIxYmI4ZWM0NGY4MmNiNCIsImVtYWlsIjoic2VuZ25vbmFtZTE2OEBnbWFpbC5jb20iLCJpYXQiOjE3NjQ0OTkyMjEsImV4cCI6MTc2NTEwNDAyMX0.spkaZ8GXYGkWBMA6aW9llS7rdXuQSkVX44n7tKbW458'
}
[Order Controller] req.user: {
  id: '692c1754b21bb8ec44f82cb4',
  role: 'user',
  email: 'sengnoname168@gmail.com'
}
[Order Controller] Body: {
  name: 'qweqweqwe',
  shippingAddress: 'qwewqe',
  cardNumber: 'qwew',
  CVV: 'eqwe',
  expiredDate: 'qeqweqweqw',
  orderNote: 'wqeqweqw'
}
[Order Controller] User ID: 692c1754b21bb8ec44f82cb4
Calling Cart Service GET /cart: http://localhost:3001/api/cart
[Order Controller] Forwarding user headers to cart service: {
  'x-user-id': '692c1754b21bb8ec44f82cb4',
  'x-user-role': 'user',
  'x-user-email': 'sengnoname168@gmail.com'
}
Cart data: {
  cartId: '692c175d6e121aa1a0fe390b',
  items: [
    {
      _id: '692c198c6e121aa1a0fe392e',
      quantity: 1,
      price: 32,
      book: [Object]
    },
    {
      _id: '692c198d6e121aa1a0fe3933',
      quantity: 1,
      price: 69,
      book: [Object]
    },
    {
      _id: '692c198d6e121aa1a0fe3938',
      quantity: 1,
      price: 65,
      book: [Object]
    },
    {
      _id: '692c1f173899ee73d624934c',
      quantity: 1,
      price: 15.99,
      book: [Object]
    },
    {
      _id: '692c1f173899ee73d6249351',
      quantity: 1,
      price: 13.49,
      book: [Object]
    }
  ]
}
Calling Cart Service DELETE /cart/clear
User authenticated via API Gateway headers: {
  id: '692c1754b21bb8ec44f82cb4',
  role: 'user',
  email: 'sengnoname168@gmail.com'
}
User authenticated via API Gateway headers: {
  id: '692c1754b21bb8ec44f82cb4',
  role: 'user',
  email: 'sengnoname168@gmail.com'
}
User authenticated via API Gateway headers: {
  id: '692c1754b21bb8ec44f82cb4',
  role: 'user',
  email: 'sengnoname168@gmail.com'
}
User authenticated via API Gateway headers: {
  id: '692c1754b21bb8ec44f82cb4',
  role: 'user',
  email: 'sengnoname168@gmail.com'
}
User authenticated via API Gateway headers: {
  id: '692c1754b21bb8ec44f82cb4',
  role: 'user',
  email: 'sengnoname168@gmail.com'
}
User authenticated via API Gateway headers: {
  id: '692c1754b21bb8ec44f82cb4',
  role: 'user',
  email: 'sengnoname168@gmail.com'
}
User authenticated via API Gateway headers: {
  id: '692c1754b21bb8ec44f82cb4',
  role: 'user',
  email: 'sengnoname168@gmail.com'
}
